[23/Jan/2018 10:03:16] INFO [/home/scipionuser/webservices/EMadmin/src/profiles/signals.py:17] New user profile for Roberto Marabini Ruiz <roberto.marabini.cnb@gmail.com> created
[23/Jan/2018 10:14:13] INFO [/home/scipionuser/webservices/EMadmin/src/profiles/signals.py:17] New user profile for testUser1 <testUser1@gmail.com> created
[23/Jan/2018 10:16:00] INFO [/home/scipionuser/webservices/EMadmin/src/profiles/signals.py:17] New user profile for administrator <roberto@cnb.csic.es> created
[23/Jan/2018 10:50:34] INFO [/home/scipionuser/webservices/EMadmin/src/profiles/signals.py:17] New user profile for testUser1 <testUser1@gmail.com> created
[23/Jan/2018 10:51:52] INFO [/home/scipionuser/webservices/EMadmin/src/profiles/signals.py:17] New user profile for testUser1 <testUser1@gmail.com> created
[23/Jan/2018 10:55:44] INFO [/home/scipionuser/webservices/EMadmin/src/profiles/signals.py:17] New user profile for testUser1 <testUser1@gmail.com> created
[23/Jan/2018 10:58:30] INFO [/home/scipionuser/webservices/EMadmin/src/profiles/signals.py:17] New user profile for testUser1 <testUser1@gmail.com> created
[23/Jan/2018 11:01:12] INFO [/home/scipionuser/webservices/EMadmin/src/profiles/signals.py:17] New user profile for testUser1 <testUser1@gmail.com> created
[23/Jan/2018 11:03:02] INFO [/home/scipionuser/webservices/EMadmin/src/profiles/signals.py:17] New user profile for testUser1 <testUser1@gmail.com> created
[23/Jan/2018 12:13:23] INFO [/home/scipionuser/webservices/EMadmin/src/profiles/signals.py:17] New user profile for testUser1 <testUser1@gmail.com> created
[07/Feb/2018 19:53:47] INFO [/home/roberto/Scipion/webservices/EMadmin/src/profiles/signals.py:17] New user profile for kk <kk@kk.es> created
[12/Feb/2018 11:40:20] INFO [/home/scipionuser/webservices/EMadmin/src/profiles/signals.py:17] New user profile for testUser1 <testUser1@gmail.com> created
[12/Feb/2018 12:07:07] INFO [/home/scipionuser/webservices/EMadmin/src/profiles/signals.py:17] New user profile for testUser1 <testUser1@gmail.com> created
[12/Feb/2018 12:23:38] INFO [/home/scipionuser/webservices/EMadmin/src/profiles/signals.py:17] New user profile for xxx <eeee@eeee.es> created
[12/Feb/2018 15:05:18] INFO [/home/scipionuser/webservices/EMadmin/src/profiles/signals.py:17] New user profile for testUser1 <testUser1@gmail.com> created
[12/Feb/2018 15:08:50] INFO [/home/scipionuser/webservices/EMadmin/src/profiles/signals.py:17] New user profile for testUser1 <testUser1@gmail.com> created
[12/Feb/2018 15:09:43] INFO [/home/scipionuser/webservices/EMadmin/src/profiles/signals.py:17] New user profile for testUser1 <testUser1@gmail.com> created
[12/Feb/2018 15:37:34] INFO [/home/scipionuser/webservices/EMadmin/src/profiles/signals.py:17] New user profile for username <email@wer.es> created
[12/Feb/2018 15:57:48] INFO [/home/scipionuser/webservices/EMadmin/src/profiles/signals.py:17] New user profile for username <email@wer.es> created
[12/Feb/2018 16:02:39] INFO [/home/scipionuser/webservices/EMadmin/src/profiles/signals.py:17] New user profile for testUser100 <testUser100@gmail.com> created
[12/Feb/2018 16:11:52] INFO [/home/scipionuser/webservices/EMadmin/src/profiles/signals.py:17] New user profile for testUser100 <testUser100@gmail.com> created
[12/Feb/2018 16:14:58] INFO [/home/scipionuser/webservices/EMadmin/src/profiles/signals.py:17] New user profile for testUser100 <testUser100@gmail.com> created
[12/Feb/2018 16:15:42] INFO [/home/scipionuser/webservices/EMadmin/src/profiles/signals.py:17] New user profile for testUser100 <testUser100@gmail.com> created
[12/Feb/2018 16:17:26] INFO [/home/scipionuser/webservices/EMadmin/src/profiles/signals.py:17] New user profile for testUser100 <testUser100@gmail.com> created
[12/Feb/2018 16:18:39] INFO [/home/scipionuser/webservices/EMadmin/src/profiles/signals.py:17] New user profile for testUser100 <testUser100@gmail.com> created
[12/Feb/2018 16:20:14] INFO [/home/scipionuser/webservices/EMadmin/src/profiles/signals.py:17] New user profile for testUser100 <testUser100@gmail.com> created
[12/Feb/2018 16:21:12] INFO [/home/scipionuser/webservices/EMadmin/src/profiles/signals.py:17] New user profile for testUser100 <testUser100@gmail.com> created
[12/Feb/2018 17:04:27] INFO [/home/scipionuser/webservices/EMadmin/src/profiles/signals.py:17] New user profile for pepino <qwerty@qwerty.es> created
[12/Feb/2018 17:06:56] INFO [/home/scipionuser/webservices/EMadmin/src/profiles/signals.py:17] New user profile for testUser1 <testUser1@gmail.com> created
[12/Feb/2018 17:11:23] INFO [/home/scipionuser/webservices/EMadmin/src/profiles/signals.py:17] New user profile for testUser100 <testUser100@gmail.com> created
[12/Feb/2018 17:11:54] INFO [/home/scipionuser/webservices/EMadmin/src/profiles/signals.py:17] New user profile for testUser100 <testUser100@gmail.com> created
[12/Feb/2018 17:12:05] INFO [/home/scipionuser/webservices/EMadmin/src/profiles/signals.py:17] New user profile for testUser1 <testUser1@gmail.com> created
[12/Feb/2018 17:16:10] INFO [/home/scipionuser/webservices/EMadmin/src/profiles/signals.py:17] New user profile for testUser100 <testUser100@gmail.com> created
[12/Feb/2018 17:16:20] INFO [/home/scipionuser/webservices/EMadmin/src/profiles/signals.py:17] New user profile for testUser1 <testUser1@gmail.com> created
